#
# There is insufficient memory for the Java Runtime Environment to continue.
# Native memory allocation (malloc) failed to allocate 1393776 bytes for Chunk::new
# Possible reasons:
#   The system is out of physical RAM or swap space
#   In 32 bit mode, the process size limit was hit
# Possible solutions:
#   Reduce memory load on the system
#   Increase physical memory or swap space
#   Check if swap backing store is full
#   Use 64 bit Java on a 64 bit OS
#   Decrease Java heap size (-Xmx/-Xms)
#   Decrease number of Java threads
#   Decrease Java thread stack sizes (-Xss)
#   Set larger code cache with -XX:ReservedCodeCacheSize=
# This output file may be truncated or incomplete.
#
#  Out of Memory Error (allocation.cpp:390), pid=20568, tid=0x0000000000005638
#
# JRE version: Java(TM) SE Runtime Environment (8.0_151-b12) (build 1.8.0_151-b12)
# Java VM: Java HotSpot(TM) 64-Bit Server VM (25.151-b12 mixed mode windows-amd64 compressed oops)
# Failed to write core dump. Minidumps are not enabled by default on client versions of Windows
#

---------------  T H R E A D  ---------------

Current thread (0x00000000189ee000):  JavaThread "C2 CompilerThread0" daemon [_thread_in_native, id=22072, stack(0x00000000191c0000,0x00000000192c0000)]

Stack: [0x00000000191c0000,0x00000000192c0000]
[error occurred during error reporting (printing stack bounds), id 0xc0000005]

Native frames: (J=compiled Java code, j=interpreted, Vv=VM code, C=native code)


Current CompileTask:
C2: 373752 27327   !   4       java.util.Formatter::format (271 bytes)


---------------  P R O C E S S  ---------------

Java Threads: ( => current thread )
  0x0000000021112000 JavaThread "jar transforms Thread 228" [_thread_blocked, id=11588, stack(0x000000003b290000,0x000000003b390000)]
  0x0000000021113000 JavaThread "jar transforms Thread 227" [_thread_blocked, id=600, stack(0x000000003b190000,0x000000003b290000)]
  0x0000000021107000 JavaThread "jar transforms Thread 226" [_thread_blocked, id=1872, stack(0x000000003b090000,0x000000003b190000)]
  0x000000002110d800 JavaThread "jar transforms Thread 225" [_thread_blocked, id=11172, stack(0x000000003af90000,0x000000003b090000)]
  0x000000002110b800 JavaThread "jar transforms Thread 224" [_thread_blocked, id=20088, stack(0x000000003ae90000,0x000000003af90000)]
  0x000000002110a800 JavaThread "jar transforms Thread 223" [_thread_blocked, id=18848, stack(0x000000003ad90000,0x000000003ae90000)]
  0x000000002110a000 JavaThread "jar transforms Thread 222" [_thread_blocked, id=5628, stack(0x000000003ac90000,0x000000003ad90000)]
  0x000000002110c000 JavaThread "jar transforms Thread 221" [_thread_blocked, id=21784, stack(0x000000003ab90000,0x000000003ac90000)]
  0x0000000021109000 JavaThread "jar transforms Thread 220" [_thread_blocked, id=17024, stack(0x000000003aa90000,0x000000003ab90000)]
  0x0000000021106000 JavaThread "jar transforms Thread 219" [_thread_blocked, id=18200, stack(0x000000003a990000,0x000000003aa90000)]
  0x0000000021107800 JavaThread "jar transforms Thread 218" [_thread_blocked, id=452, stack(0x000000003a890000,0x000000003a990000)]
  0x000000002110d000 JavaThread "jar transforms Thread 217" [_thread_blocked, id=15748, stack(0x000000003a790000,0x000000003a890000)]
  0x0000000021108800 JavaThread "jar transforms Thread 216" [_thread_blocked, id=18232, stack(0x000000003a690000,0x000000003a790000)]
  0x0000000021105800 JavaThread "jar transforms Thread 215" [_thread_blocked, id=14800, stack(0x000000003a590000,0x000000003a690000)]
  0x0000000021947000 JavaThread "jar transforms Thread 214" [_thread_blocked, id=22424, stack(0x000000003a490000,0x000000003a590000)]
  0x0000000021946800 JavaThread "jar transforms Thread 213" [_thread_blocked, id=3308, stack(0x000000003a390000,0x000000003a490000)]
  0x0000000021948000 JavaThread "jar transforms Thread 212" [_thread_blocked, id=12744, stack(0x000000003a290000,0x000000003a390000)]
  0x0000000021945800 JavaThread "jar transforms Thread 211" [_thread_blocked, id=22564, stack(0x000000003a190000,0x000000003a290000)]
  0x0000000021945000 JavaThread "jar transforms Thread 210" [_thread_blocked, id=6324, stack(0x000000003a090000,0x000000003a190000)]
  0x0000000021944000 JavaThread "jar transforms Thread 209" [_thread_blocked, id=12640, stack(0x0000000039f90000,0x000000003a090000)]
  0x000000002194a000 JavaThread "jar transforms Thread 208" [_thread_blocked, id=16368, stack(0x0000000039e90000,0x0000000039f90000)]
  0x0000000021949800 JavaThread "jar transforms Thread 207" [_thread_blocked, id=13576, stack(0x0000000039d90000,0x0000000039e90000)]
  0x0000000021948800 JavaThread "jar transforms Thread 206" [_thread_blocked, id=18732, stack(0x0000000039c90000,0x0000000039d90000)]
  0x000000002193c800 JavaThread "jar transforms Thread 205" [_thread_blocked, id=16896, stack(0x0000000039b90000,0x0000000039c90000)]
  0x0000000021943800 JavaThread "jar transforms Thread 204" [_thread_blocked, id=11024, stack(0x0000000039a90000,0x0000000039b90000)]
  0x000000002193c000 JavaThread "jar transforms Thread 203" [_thread_blocked, id=20316, stack(0x0000000039990000,0x0000000039a90000)]
  0x000000002193e000 JavaThread "jar transforms Thread 202" [_thread_blocked, id=21604, stack(0x0000000039890000,0x0000000039990000)]
  0x000000002193d800 JavaThread "jar transforms Thread 201" [_thread_blocked, id=18224, stack(0x0000000039790000,0x0000000039890000)]
  0x000000002193f000 JavaThread "jar transforms Thread 200" [_thread_blocked, id=15332, stack(0x0000000039690000,0x0000000039790000)]
  0x0000000021942800 JavaThread "jar transforms Thread 199" [_thread_blocked, id=17388, stack(0x0000000039590000,0x0000000039690000)]
  0x000000002193b000 JavaThread "jar transforms Thread 198" [_thread_blocked, id=17680, stack(0x0000000039490000,0x0000000039590000)]
  0x0000000021942000 JavaThread "jar transforms Thread 197" [_thread_blocked, id=5620, stack(0x0000000039390000,0x0000000039490000)]
  0x0000000021941000 JavaThread "jar transforms Thread 196" [_thread_blocked, id=9140, stack(0x0000000039290000,0x0000000039390000)]
  0x000000002193f800 JavaThread "jar transforms Thread 195" [_thread_blocked, id=8976, stack(0x0000000039190000,0x0000000039290000)]
  0x0000000021940800 JavaThread "jar transforms Thread 194" [_thread_blocked, id=15528, stack(0x0000000039090000,0x0000000039190000)]
  0x000000001fd19000 JavaThread "jar transforms Thread 193" [_thread_blocked, id=17392, stack(0x0000000038f90000,0x0000000039090000)]
  0x000000001fd18000 JavaThread "jar transforms Thread 192" [_thread_blocked, id=16556, stack(0x0000000038e90000,0x0000000038f90000)]
  0x000000001fd15000 JavaThread "jar transforms Thread 191" [_thread_blocked, id=18720, stack(0x0000000038d90000,0x0000000038e90000)]
  0x000000001fd17800 JavaThread "jar transforms Thread 190" [_thread_blocked, id=13088, stack(0x0000000038c90000,0x0000000038d90000)]
  0x000000001fd14800 JavaThread "jar transforms Thread 189" [_thread_blocked, id=10724, stack(0x0000000038b90000,0x0000000038c90000)]
  0x000000001fd13800 JavaThread "jar transforms Thread 188" [_thread_blocked, id=10168, stack(0x0000000038a90000,0x0000000038b90000)]
  0x000000001fd16800 JavaThread "jar transforms Thread 187" [_thread_blocked, id=5092, stack(0x0000000038990000,0x0000000038a90000)]
  0x000000001fd13000 JavaThread "jar transforms Thread 186" [_thread_blocked, id=10256, stack(0x0000000038890000,0x0000000038990000)]
  0x000000001fd16000 JavaThread "jar transforms Thread 185" [_thread_blocked, id=19472, stack(0x0000000038790000,0x0000000038890000)]
  0x000000001fd0b800 JavaThread "jar transforms Thread 184" [_thread_blocked, id=13808, stack(0x0000000038690000,0x0000000038790000)]
  0x000000001fd12000 JavaThread "jar transforms Thread 183" [_thread_blocked, id=1908, stack(0x0000000038590000,0x0000000038690000)]
  0x000000001fd0a800 JavaThread "jar transforms Thread 182" [_thread_blocked, id=9272, stack(0x0000000031e70000,0x0000000031f70000)]
  0x000000001fd11800 JavaThread "jar transforms Thread 181" [_thread_blocked, id=22752, stack(0x0000000031d70000,0x0000000031e70000)]
  0x000000001fd0e800 JavaThread "jar transforms Thread 180" [_thread_blocked, id=3092, stack(0x0000000031c70000,0x0000000031d70000)]
  0x000000001fd0a000 JavaThread "jar transforms Thread 179" [_thread_blocked, id=16424, stack(0x0000000031b70000,0x0000000031c70000)]
  0x000000001fd0d800 JavaThread "jar transforms Thread 178" [_thread_blocked, id=21284, stack(0x0000000031a70000,0x0000000031b70000)]
  0x000000001fd0d000 JavaThread "jar transforms Thread 177" [_thread_blocked, id=12952, stack(0x0000000031970000,0x0000000031a70000)]
  0x000000001fd10800 JavaThread "jar transforms Thread 176" [_thread_blocked, id=19344, stack(0x0000000031870000,0x0000000031970000)]
  0x000000001fd0f000 JavaThread "jar transforms Thread 175" [_thread_blocked, id=12708, stack(0x0000000031770000,0x0000000031870000)]
  0x000000001fd10000 JavaThread "jar transforms Thread 174" [_thread_blocked, id=6048, stack(0x0000000031670000,0x0000000031770000)]
  0x000000001fd0c000 JavaThread "jar transforms Thread 173" [_thread_blocked, id=16468, stack(0x0000000031570000,0x0000000031670000)]
  0x00000000354fb800 JavaThread "jar transforms Thread 172" [_thread_blocked, id=21916, stack(0x0000000031470000,0x0000000031570000)]
  0x00000000354fa800 JavaThread "jar transforms Thread 171" [_thread_blocked, id=3732, stack(0x0000000031370000,0x0000000031470000)]
  0x00000000354fd000 JavaThread "jar transforms Thread 170" [_thread_blocked, id=19848, stack(0x0000000031270000,0x0000000031370000)]
  0x00000000354fa000 JavaThread "jar transforms Thread 169" [_thread_blocked, id=16640, stack(0x0000000031170000,0x0000000031270000)]
  0x00000000354f9000 JavaThread "jar transforms Thread 168" [_thread_blocked, id=12608, stack(0x0000000031070000,0x0000000031170000)]
  0x00000000354fc000 JavaThread "jar transforms Thread 167" [_thread_blocked, id=7656, stack(0x0000000030f70000,0x0000000031070000)]
  0x00000000354f4000 JavaThread "jar transforms Thread 166" [_thread_blocked, id=19660, stack(0x0000000030e70000,0x0000000030f70000)]
  0x00000000354f4800 JavaThread "jar transforms Thread 165" [_thread_blocked, id=22328, stack(0x0000000030d70000,0x0000000030e70000)]
  0x00000000354f8800 JavaThread "jar transforms Thread 164" [_thread_blocked, id=22260, stack(0x0000000030c70000,0x0000000030d70000)]
  0x00000000354f7000 JavaThread "jar transforms Thread 163" [_thread_blocked, id=23464, stack(0x0000000030b70000,0x0000000030c70000)]
  0x00000000354f7800 JavaThread "jar transforms Thread 162" [_thread_blocked, id=884, stack(0x00000000303c0000,0x00000000304c0000)]
  0x00000000354ef800 JavaThread "jar transforms Thread 161" [_thread_blocked, id=9376, stack(0x00000000300c0000,0x00000000301c0000)]
  0x00000000354f2800 JavaThread "jar transforms Thread 160" [_thread_blocked, id=14576, stack(0x000000002fdc0000,0x000000002fec0000)]
  0x00000000354f5800 JavaThread "jar transforms Thread 159" [_thread_blocked, id=16608, stack(0x000000002fcc0000,0x000000002fdc0000)]
  0x00000000354f6000 JavaThread "jar transforms Thread 158" [_thread_blocked, id=21620, stack(0x000000002fbc0000,0x000000002fcc0000)]
  0x00000000354ee800 JavaThread "jar transforms Thread 157" [_thread_blocked, id=8352, stack(0x000000002f8c0000,0x000000002f9c0000)]
  0x00000000354f0000 JavaThread "jar transforms Thread 156" [_thread_blocked, id=13836, stack(0x000000002f7c0000,0x000000002f8c0000)]
  0x00000000354f1800 JavaThread "jar transforms Thread 155" [_thread_blocked, id=7708, stack(0x000000002f6c0000,0x000000002f7c0000)]
  0x00000000354f1000 JavaThread "jar transforms Thread 154" [_thread_blocked, id=15912, stack(0x000000002f5c0000,0x000000002f6c0000)]
  0x00000000354ee000 JavaThread "jar transforms Thread 153" [_thread_blocked, id=1724, stack(0x000000002f4c0000,0x000000002f5c0000)]
  0x00000000354f3000 JavaThread "jar transforms Thread 152" [_thread_blocked, id=10572, stack(0x000000002edb0000,0x000000002eeb0000)]
  0x000000001fe57000 JavaThread "jar transforms Thread 151" [_thread_blocked, id=10884, stack(0x000000002c3a0000,0x000000002c4a0000)]
  0x000000001fe53000 JavaThread "jar transforms Thread 150" [_thread_blocked, id=15536, stack(0x000000002b880000,0x000000002b980000)]
  0x000000001fe5a000 JavaThread "jar transforms Thread 149" [_thread_blocked, id=5972, stack(0x000000002b070000,0x000000002b170000)]
  0x000000001a8ba000 JavaThread "jar transforms Thread 148" [_thread_blocked, id=11096, stack(0x000000002af70000,0x000000002b070000)]
  0x000000001a8b9800 JavaThread "jar transforms Thread 147" [_thread_blocked, id=23480, stack(0x000000002ae70000,0x000000002af70000)]
  0x000000001a8bb800 JavaThread "jar transforms Thread 146" [_thread_blocked, id=18044, stack(0x000000002ad70000,0x000000002ae70000)]
  0x000000001a8b5000 JavaThread "jar transforms Thread 145" [_thread_blocked, id=15232, stack(0x000000002ac70000,0x000000002ad70000)]
  0x000000001a8b6800 JavaThread "jar transforms Thread 144" [_thread_blocked, id=13148, stack(0x000000002ab70000,0x000000002ac70000)]
  0x0000000019dc4000 JavaThread "jar transforms Thread 143" [_thread_blocked, id=12248, stack(0x000000002aa70000,0x000000002ab70000)]
  0x0000000019dbd000 JavaThread "jar transforms Thread 142" [_thread_blocked, id=12604, stack(0x000000002a970000,0x000000002aa70000)]
  0x0000000019dbf000 JavaThread "jar transforms Thread 141" [_thread_blocked, id=464, stack(0x000000002a870000,0x000000002a970000)]
  0x0000000019dbc800 JavaThread "jar transforms Thread 140" [_thread_blocked, id=14416, stack(0x000000002a770000,0x000000002a870000)]
  0x0000000019dc2800 JavaThread "jar transforms Thread 139" [_thread_blocked, id=12276, stack(0x000000002a670000,0x000000002a770000)]
  0x0000000019dbe000 JavaThread "jar transforms Thread 138" [_thread_blocked, id=18556, stack(0x000000002a570000,0x000000002a670000)]
  0x0000000019dc1000 JavaThread "jar transforms Thread 137" [_thread_blocked, id=22856, stack(0x000000002a470000,0x000000002a570000)]
  0x0000000019dc0800 JavaThread "jar transforms Thread 136" [_thread_blocked, id=14584, stack(0x000000002a370000,0x000000002a470000)]
  0x0000000019db5000 JavaThread "jar transforms Thread 135" [_thread_blocked, id=1460, stack(0x000000002a270000,0x000000002a370000)]
  0x0000000019db9800 JavaThread "jar transforms Thread 134" [_thread_blocked, id=9236, stack(0x000000002a170000,0x000000002a270000)]
  0x0000000019db5800 JavaThread "jar transforms Thread 133" [_thread_blocked, id=1328, stack(0x0000000027e90000,0x0000000027f90000)]
  0x000000001e2e4800 JavaThread "jar transforms Thread 132" [_thread_blocked, id=6220, stack(0x0000000027d90000,0x0000000027e90000)]
  0x000000001e2e3000 JavaThread "jar transforms Thread 131" [_thread_blocked, id=21708, stack(0x0000000027c90000,0x0000000027d90000)]
  0x000000001e2e2000 JavaThread "jar transforms Thread 130" [_thread_blocked, id=4988, stack(0x0000000027b90000,0x0000000027c90000)]
  0x000000001e2e3800 JavaThread "jar transforms Thread 129" [_thread_blocked, id=15144, stack(0x0000000027a90000,0x0000000027b90000)]
  0x000000001e2e1800 JavaThread "jar transforms Thread 128" [_thread_blocked, id=6748, stack(0x0000000026f80000,0x0000000027080000)]
  0x000000001e2e0800 JavaThread "jar transforms Thread 127" [_thread_blocked, id=13600, stack(0x0000000026e80000,0x0000000026f80000)]
  0x000000001e2e6000 JavaThread "jar transforms Thread 126" [_thread_blocked, id=17480, stack(0x0000000026080000,0x0000000026180000)]
  0x000000001e2d9000 JavaThread "jar transforms Thread 125" [_thread_blocked, id=13824, stack(0x0000000025f80000,0x0000000026080000)]
  0x000000001e2e0000 JavaThread "jar transforms Thread 124" [_thread_blocked, id=23376, stack(0x0000000025e80000,0x0000000025f80000)]
  0x000000001e2df000 JavaThread "jar transforms Thread 123" [_thread_blocked, id=8760, stack(0x0000000025d80000,0x0000000025e80000)]
  0x000000001e2dc800 JavaThread "jar transforms Thread 122" [_thread_blocked, id=13996, stack(0x0000000025630000,0x0000000025730000)]
  0x000000001e2dc000 JavaThread "jar transforms Thread 121" [_thread_blocked, id=14860, stack(0x0000000024a80000,0x0000000024b80000)]
  0x000000001e2dd800 JavaThread "jar transforms Thread 120" [_thread_blocked, id=6468, stack(0x00000000246d0000,0x00000000247d0000)]
  0x000000001e68a000 JavaThread "jar transforms Thread 119" [_thread_blocked, id=16296, stack(0x0000000023e80000,0x0000000023f80000)]
  0x000000001e689000 JavaThread "jar transforms Thread 118" [_thread_blocked, id=7464, stack(0x0000000023d80000,0x0000000023e80000)]
  0x000000001e68a800 JavaThread "jar transforms Thread 117" [_thread_blocked, id=22632, stack(0x0000000023c80000,0x0000000023d80000)]
  0x000000001e690000 JavaThread "jar transforms Thread 116" [_thread_blocked, id=18264, stack(0x0000000023b80000,0x0000000023c80000)]
  0x000000001e68b800 JavaThread "jar transforms Thread 115" [_thread_blocked, id=20704, stack(0x0000000023a80000,0x0000000023b80000)]
  0x000000001e681800 JavaThread "Build operations Thread 8" [_thread_blocked, id=19112, stack(0x0000000023980000,0x0000000023a80000)]
  0x000000001e688800 JavaThread "Build operations Thread 7" [_thread_blocked, id=13520, stack(0x0000000023680000,0x0000000023780000)]
  0x000000001e681000 JavaThread "Build operations Thread 6" [_thread_blocked, id=19000, stack(0x00000000230a0000,0x00000000231a0000)]
  0x000000001e684000 JavaThread "Build operations Thread 5" [_thread_blocked, id=21024, stack(0x0000000021f20000,0x0000000022020000)]
  0x000000001e687800 JavaThread "Build operations Thread 4" [_thread_blocked, id=23228, stack(0x0000000020750000,0x0000000020850000)]
  0x000000001e685800 JavaThread "Build operations Thread 3" [_thread_blocked, id=12148, stack(0x000000001f380000,0x000000001f480000)]
  0x000000001e687000 JavaThread "Build operations Thread 2" [_thread_blocked, id=14048, stack(0x000000001f080000,0x000000001f180000)]
  0x000000001e682800 JavaThread "Build operations" [_thread_blocked, id=1140, stack(0x000000001ef80000,0x000000001f080000)]
  0x000000001e686000 JavaThread "Cache worker for Build Output Cleanup Cache (C:\Users\mahes\OneDrive\Documents\GitHub\git\ideamarch\android\.gradle\buildOutputCleanup)" [_thread_blocked, id=8208, stack(0x000000001ee80000,0x000000001ef80000)]
  0x000000001e683000 JavaThread "Cache worker for cache directory md-rule (C:\Users\mahes\.gradle\caches\6.7\md-rule)" [_thread_blocked, id=21016, stack(0x000000001d3f0000,0x000000001d4f0000)]
  0x000000001e684800 JavaThread "Cache worker for cache directory md-supplier (C:\Users\mahes\.gradle\caches\6.7\md-supplier)" [_thread_blocked, id=3736, stack(0x000000001d2f0000,0x000000001d3f0000)]
  0x000000001dcb1000 JavaThread "Cache worker for checksums cache (C:\Users\mahes\OneDrive\Documents\GitHub\git\ideamarch\android\.gradle\checksums)" [_thread_blocked, id=588, stack(0x000000001d1f0000,0x000000001d2f0000)]
  0x000000001dcb5800 JavaThread "Cache worker for file hash cache (C:\Users\mahes\OneDrive\Documents\GitHub\git\ideamarch\android\.gradle\6.7\fileHashes)" [_thread_blocked, id=16084, stack(0x000000001d0f0000,0x000000001d1f0000)]
  0x000000001dcb5000 JavaThread "Thread-186" [_thread_blocked, id=19388, stack(0x000000001cff0000,0x000000001d0f0000)]
  0x000000001dcaf000 JavaThread "Stdin handler" [_thread_blocked, id=8836, stack(0x000000001cbf0000,0x000000001ccf0000)]
  0x000000001dcb2000 JavaThread "Asynchronous log dispatcher for DefaultDaemonConnection: socket connection from /127.0.0.1:55952 to /127.0.0.1:61074" [_thread_blocked, id=15036, stack(0x000000001caf0000,0x000000001cbf0000)]
  0x000000001dcad800 JavaThread "Daemon worker Thread 2" [_thread_in_native, id=7820, stack(0x000000001c5a0000,0x000000001c6a0000)]
  0x000000001dca9800 JavaThread "Cancel handler" [_thread_blocked, id=8992, stack(0x0000000002970000,0x0000000002a70000)]
  0x000000001dcac000 JavaThread "Handler for socket connection from /127.0.0.1:55952 to /127.0.0.1:61074" [_thread_in_native, id=4168, stack(0x0000000000f50000,0x0000000001050000)]
  0x000000001dcaf800 JavaThread "Daemon Thread 2" [_thread_blocked, id=18208, stack(0x0000000000e50000,0x0000000000f50000)]
  0x000000001dcb6800 JavaThread "RMI Reaper" [_thread_blocked, id=6520, stack(0x0000000026580000,0x0000000026680000)]
  0x000000001dcb4000 JavaThread "RMI TCP Accept-0" daemon [_thread_in_native, id=22428, stack(0x0000000026480000,0x0000000026580000)]
  0x000000001dcb3800 JavaThread "GC Daemon" daemon [_thread_blocked, id=14760, stack(0x0000000026380000,0x0000000026480000)]
  0x000000001dcb0800 JavaThread "RMI Scheduler(0)" daemon [_thread_blocked, id=18020, stack(0x000000001c6a0000,0x000000001c7a0000)]
  0x000000001dca9000 JavaThread "Cache worker for Java compile cache (C:\Users\mahes\.gradle\caches\6.7\javaCompile)" [_thread_blocked, id=9728, stack(0x0000000025530000,0x0000000025630000)]
  0x0000000019db8800 JavaThread "Memory manager" [_thread_blocked, id=16040, stack(0x000000002b780000,0x000000002b880000)]
  0x000000001a8bb000 JavaThread "Cache worker for file content cache (C:\Users\mahes\.gradle\caches\6.7\fileContent)" [_thread_blocked, id=21148, stack(0x0000000020a50000,0x0000000020b50000)]
  0x000000001a8b7000 JavaThread "Cache worker for execution history cache (C:\Users\mahes\.gradle\caches\6.7\executionHistory)" [_thread_blocked, id=12152, stack(0x000000001f480000,0x000000001f580000)]
  0x000000001a8b8800 JavaThread "Cache worker for journal cache (C:\Users\mahes\.gradle\caches\journal-1)" [_thread_blocked, id=18372, stack(0x000000001e7c0000,0x000000001e8c0000)]
  0x000000001a8b5800 JavaThread "File lock request listener" [_thread_in_native, id=1832, stack(0x000000001eb80000,0x000000001ec80000)]
  0x000000001a8b8000 JavaThread "Cache worker for file hash cache (C:\Users\mahes\.gradle\caches\6.7\fileHashes)" [_thread_blocked, id=16464, stack(0x000000001d6f0000,0x000000001d7f0000)]
  0x000000001af79000 JavaThread "Daemon periodic checks" [_thread_blocked, id=18284, stack(0x000000001c9f0000,0x000000001caf0000)]
  0x000000001af76800 JavaThread "Incoming local TCP Connector on port 55952" [_thread_in_native, id=13936, stack(0x000000001c7a0000,0x000000001c8a0000)]
  0x000000001af39800 JavaThread "Daemon health stats" [_thread_blocked, id=22276, stack(0x000000001af90000,0x000000001b090000)]
  0x0000000018a82800 JavaThread "Service Thread" daemon [_thread_blocked, id=23156, stack(0x00000000195c0000,0x00000000196c0000)]
  0x00000000189f8800 JavaThread "C1 CompilerThread3" daemon [_thread_blocked, id=14676, stack(0x00000000194c0000,0x00000000195c0000)]
  0x00000000189f3800 JavaThread "C2 CompilerThread2" daemon [_thread_blocked, id=2880, stack(0x00000000193c0000,0x00000000194c0000)]
  0x00000000189f1000 JavaThread "C2 CompilerThread1" daemon [_thread_blocked, id=9848, stack(0x00000000192c0000,0x00000000193c0000)]
=>0x00000000189ee000 JavaThread "C2 CompilerThread0" daemon [_thread_in_native, id=22072, stack(0x00000000191c0000,0x00000000192c0000)]
  0x00000000189eb000 JavaThread "Attach Listener" daemon [_thread_blocked, id=4460, stack(0x00000000190c0000,0x00000000191c0000)]
  0x00000000189e8000 JavaThread "Signal Dispatcher" daemon [_thread_blocked, id=21828, stack(0x0000000018fc0000,0x00000000190c0000)]
  0x0000000002d0e000 JavaThread "Finalizer" daemon [_thread_blocked, id=9736, stack(0x0000000018dc0000,0x0000000018ec0000)]
  0x0000000002d07000 JavaThread "Reference Handler" daemon [_thread_blocked, id=12692, stack(0x00000000188c0000,0x00000000189c0000)]
  0x0000000002b0e000 JavaThread "main" [_thread_blocked, id=13180, stack(0x0000000002b10000,0x0000000002c10000)]

Other Threads:
  0x0000000016ac9800 VMThread [stack: 0x00000000187c0000,0x00000000188c0000] [id=19972]
  0x0000000018a88800 WatcherThread [stack: 0x00000000196c0000,0x00000000197c0000] [id=11196]

VM state:not at safepoint (normal execution)

VM Mutex/Monitor currently owned by a thread: None

Heap:
 PSYoungGen      total 421376K, used 257963K [0x00000000e0000000, 0x0000000100000000, 0x0000000100000000)
  eden space 344064K, 58% used [0x00000000e0000000,0x00000000ec3ddae0,0x00000000f5000000)
  from space 77312K, 74% used [0x00000000fb480000,0x00000000fec8d1b0,0x0000000100000000)
  to   space 90112K, 0% used [0x00000000f5000000,0x00000000f5000000,0x00000000fa800000)
 ParOldGen       total 305152K, used 226583K [0x00000000a0000000, 0x00000000b2a00000, 0x00000000e0000000)
  object space 305152K, 74% used [0x00000000a0000000,0x00000000add45f90,0x00000000b2a00000)
 Metaspace       used 119102K, capacity 127068K, committed 127232K, reserved 1159168K
  class space    used 15875K, capacity 17302K, committed 17408K, reserved 1048576K

Card table byte_map: [0x00000000120d0000,0x00000000123e0000] byte_map_base: 0x0000000011bd0000

Marking Bits: (ParMarkBitMap*) 0x00000000522bd850
 Begin Bits: [0x0000000012de0000, 0x00000000145e0000)
 End Bits:   [0x00000000145e0000, 0x0000000015de0000)

Polling page: 0x00000000010f0000

CodeCache: size=245760Kb used=74178Kb max_used=75643Kb free=171581Kb
 bounds [0x0000000002d10000, 0x0000000007790000, 0x0000000011d10000]
 total_blobs=21663 nmethods=20690 adapters=881
 compilation: enabled

Compilation events (10 events):
Event: 373.561 Thread 0x00000000189f8800 27383       1       org.gradle.api.internal.artifacts.repositories.transport.RepositoryTransportFactory$DefaultResourceConnectorSpecification::getAuthentications (5 bytes)
Event: 373.561 Thread 0x00000000189f8800 nmethod 27383 0x00000000068c5d90 code [0x00000000068c5ee0, 0x00000000068c5ff0]
Event: 373.561 Thread 0x00000000189f8800 27384       1       org.gradle.api.internal.artifacts.repositories.transport.RepositoryTransportFactory$DefaultResourceConnectorSpecification::getRedirectVerifier (5 bytes)
Event: 373.561 Thread 0x00000000189f8800 nmethod 27384 0x00000000068c5ad0 code [0x00000000068c5c20, 0x00000000068c5d30]
Event: 373.632 Thread 0x00000000189f3800 27385       4       org.gradle.internal.component.external.model.DefaultConfigurationMetadata$Builder::<init> (28 bytes)
Event: 373.634 Thread 0x00000000189f3800 nmethod 27385 0x00000000054dd3d0 code [0x00000000054dd500, 0x00000000054dd598]
Event: 373.634 Thread 0x00000000189f1000 27386       4       com.google.common.collect.LinkedHashMultimap$ValueSet::<init> (55 bytes)
Event: 373.640 Thread 0x00000000189f1000 nmethod 27386 0x000000000553b010 code [0x000000000553b160, 0x000000000553b318]
Event: 373.729 Thread 0x00000000189f3800 27387       4       org.gradle.internal.component.model.AttributeMatchingExplanationBuilder$$Lambda$210/1784145089::canSkipExplanation (4 bytes)
Event: 373.730 Thread 0x00000000189f3800 nmethod 27387 0x000000000577ca90 code [0x000000000577cbc0, 0x000000000577cc18]

GC Heap History (10 events):
Event: 128.883 GC heap before
{Heap before GC invocations=41 (full 5):
 PSYoungGen      total 419840K, used 386709K [0x00000000e0000000, 0x00000000ffa80000, 0x0000000100000000)
  eden space 360960K, 100% used [0x00000000e0000000,0x00000000f6080000,0x00000000f6080000)
  from space 58880K, 43% used [0x00000000f6080000,0x00000000f79a5760,0x00000000f9a00000)
  to   space 56832K, 0% used [0x00000000fc300000,0x00000000fc300000,0x00000000ffa80000)
 ParOldGen       total 305152K, used 196740K [0x00000000a0000000, 0x00000000b2a00000, 0x00000000e0000000)
  object space 305152K, 64% used [0x00000000a0000000,0x00000000ac021088,0x00000000b2a00000)
 Metaspace       used 99776K, capacity 106660K, committed 106880K, reserved 1140736K
  class space    used 13616K, capacity 14899K, committed 14976K, reserved 1048576K
Event: 129.938 GC heap after
Heap after GC invocations=41 (full 5):
 PSYoungGen      total 460800K, used 39769K [0x00000000e0000000, 0x0000000100000000, 0x0000000100000000)
  eden space 403968K, 0% used [0x00000000e0000000,0x00000000e0000000,0x00000000f8a80000)
  from space 56832K, 69% used [0x00000000fc300000,0x00000000fe9d6670,0x00000000ffa80000)
  to   space 57856K, 0% used [0x00000000f8a80000,0x00000000f8a80000,0x00000000fc300000)
 ParOldGen       total 305152K, used 199160K [0x00000000a0000000, 0x00000000b2a00000, 0x00000000e0000000)
  object space 305152K, 65% used [0x00000000a0000000,0x00000000ac27e0b0,0x00000000b2a00000)
 Metaspace       used 99776K, capacity 106660K, committed 106880K, reserved 1140736K
  class space    used 13616K, capacity 14899K, committed 14976K, reserved 1048576K
}
Event: 143.591 GC heap before
{Heap before GC invocations=42 (full 5):
 PSYoungGen      total 460800K, used 443737K [0x00000000e0000000, 0x0000000100000000, 0x0000000100000000)
  eden space 403968K, 100% used [0x00000000e0000000,0x00000000f8a80000,0x00000000f8a80000)
  from space 56832K, 69% used [0x00000000fc300000,0x00000000fe9d6670,0x00000000ffa80000)
  to   space 57856K, 0% used [0x00000000f8a80000,0x00000000f8a80000,0x00000000fc300000)
 ParOldGen       total 305152K, used 199160K [0x00000000a0000000, 0x00000000b2a00000, 0x00000000e0000000)
  object space 305152K, 65% used [0x00000000a0000000,0x00000000ac27e0b0,0x00000000b2a00000)
 Metaspace       used 100957K, capacity 108048K, committed 108288K, reserved 1142784K
  class space    used 13755K, capacity 15063K, committed 15104K, reserved 1048576K
Event: 145.321 GC heap after
Heap after GC invocations=42 (full 5):
 PSYoungGen      total 461824K, used 57851K [0x00000000e0000000, 0x0000000100000000, 0x0000000100000000)
  eden space 403968K, 0% used [0x00000000e0000000,0x00000000e0000000,0x00000000f8a80000)
  from space 57856K, 99% used [0x00000000f8a80000,0x00000000fc2fee60,0x00000000fc300000)
  to   space 62464K, 0% used [0x00000000fc300000,0x00000000fc300000,0x0000000100000000)
 ParOldGen       total 305152K, used 222929K [0x00000000a0000000, 0x00000000b2a00000, 0x00000000e0000000)
  object space 305152K, 73% used [0x00000000a0000000,0x00000000ad9b4498,0x00000000b2a00000)
 Metaspace       used 100957K, capacity 108048K, committed 108288K, reserved 1142784K
  class space    used 13755K, capacity 15063K, committed 15104K, reserved 1048576K
}
Event: 164.354 GC heap before
{Heap before GC invocations=43 (full 5):
 PSYoungGen      total 461824K, used 461819K [0x00000000e0000000, 0x0000000100000000, 0x0000000100000000)
  eden space 403968K, 100% used [0x00000000e0000000,0x00000000f8a80000,0x00000000f8a80000)
  from space 57856K, 99% used [0x00000000f8a80000,0x00000000fc2fee60,0x00000000fc300000)
  to   space 62464K, 0% used [0x00000000fc300000,0x00000000fc300000,0x0000000100000000)
 ParOldGen       total 305152K, used 222929K [0x00000000a0000000, 0x00000000b2a00000, 0x00000000e0000000)
  object space 305152K, 73% used [0x00000000a0000000,0x00000000ad9b4498,0x00000000b2a00000)
 Metaspace       used 112128K, capacity 119438K, committed 119680K, reserved 1153024K
  class space    used 15104K, capacity 16451K, committed 16512K, reserved 1048576K
Event: 165.810 GC heap after
Heap after GC invocations=43 (full 5):
 PSYoungGen      total 432128K, used 54343K [0x00000000e0000000, 0x0000000100000000, 0x0000000100000000)
  eden space 369664K, 0% used [0x00000000e0000000,0x00000000e0000000,0x00000000f6900000)
  from space 62464K, 86% used [0x00000000fc300000,0x00000000ff811e98,0x0000000100000000)
  to   space 77312K, 0% used [0x00000000f6900000,0x00000000f6900000,0x00000000fb480000)
 ParOldGen       total 305152K, used 223781K [0x00000000a0000000, 0x00000000b2a00000, 0x00000000e0000000)
  object space 305152K, 73% used [0x00000000a0000000,0x00000000ada89728,0x00000000b2a00000)
 Metaspace       used 112128K, capacity 119438K, committed 119680K, reserved 1153024K
  class space    used 15104K, capacity 16451K, committed 16512K, reserved 1048576K
}
Event: 185.741 GC heap before
{Heap before GC invocations=44 (full 5):
 PSYoungGen      total 432128K, used 424007K [0x00000000e0000000, 0x0000000100000000, 0x0000000100000000)
  eden space 369664K, 100% used [0x00000000e0000000,0x00000000f6900000,0x00000000f6900000)
  from space 62464K, 86% used [0x00000000fc300000,0x00000000ff811e98,0x0000000100000000)
  to   space 77312K, 0% used [0x00000000f6900000,0x00000000f6900000,0x00000000fb480000)
 ParOldGen       total 305152K, used 223781K [0x00000000a0000000, 0x00000000b2a00000, 0x00000000e0000000)
  object space 305152K, 73% used [0x00000000a0000000,0x00000000ada89728,0x00000000b2a00000)
 Metaspace       used 114838K, capacity 122444K, committed 122624K, reserved 1155072K
  class space    used 15494K, capacity 16854K, committed 16896K, reserved 1048576K
Event: 187.690 GC heap after
Heap after GC invocations=44 (full 5):
 PSYoungGen      total 446976K, used 77282K [0x00000000e0000000, 0x0000000100000000, 0x0000000100000000)
  eden space 369664K, 0% used [0x00000000e0000000,0x00000000e0000000,0x00000000f6900000)
  from space 77312K, 99% used [0x00000000f6900000,0x00000000fb478bf0,0x00000000fb480000)
  to   space 77312K, 0% used [0x00000000fb480000,0x00000000fb480000,0x0000000100000000)
 ParOldGen       total 305152K, used 226343K [0x00000000a0000000, 0x00000000b2a00000, 0x00000000e0000000)
  object space 305152K, 74% used [0x00000000a0000000,0x00000000add09f90,0x00000000b2a00000)
 Metaspace       used 114838K, capacity 122444K, committed 122624K, reserved 1155072K
  class space    used 15494K, capacity 16854K, committed 16896K, reserved 1048576K
}
Event: 203.943 GC heap before
{Heap before GC invocations=45 (full 5):
 PSYoungGen      total 446976K, used 434338K [0x00000000e0000000, 0x0000000100000000, 0x0000000100000000)
  eden space 369664K, 96% used [0x00000000e0000000,0x00000000f5cafdc8,0x00000000f6900000)
  from space 77312K, 99% used [0x00000000f6900000,0x00000000fb478bf0,0x00000000fb480000)
  to   space 77312K, 0% used [0x00000000fb480000,0x00000000fb480000,0x0000000100000000)
 ParOldGen       total 305152K, used 226343K [0x00000000a0000000, 0x00000000b2a00000, 0x00000000e0000000)
  object space 305152K, 74% used [0x00000000a0000000,0x00000000add09f90,0x00000000b2a00000)
 Metaspace       used 115499K, capacity 123224K, committed 123264K, reserved 1155072K
  class space    used 15589K, capacity 16994K, committed 17024K, reserved 1048576K
Event: 204.960 GC heap after
Heap after GC invocations=45 (full 5):
 PSYoungGen      total 421376K, used 57396K [0x00000000e0000000, 0x0000000100000000, 0x0000000100000000)
  eden space 344064K, 0% used [0x00000000e0000000,0x00000000e0000000,0x00000000f5000000)
  from space 77312K, 74% used [0x00000000fb480000,0x00000000fec8d1b0,0x0000000100000000)
  to   space 90112K, 0% used [0x00000000f5000000,0x00000000f5000000,0x00000000fa800000)
 ParOldGen       total 305152K, used 226583K [0x00000000a0000000, 0x00000000b2a00000, 0x00000000e0000000)
  object space 305152K, 74% used [0x00000000a0000000,0x00000000add45f90,0x00000000b2a00000)
 Metaspace       used 115499K, capacity 123224K, committed 123264K, reserved 1155072K
  class space    used 15589K, capacity 16994K, committed 17024K, reserved 1048576K
}

Deoptimization events (10 events):
Event: 370.291 Thread 0x000000001dcad800 Uncommon trap: reason=bimorphic action=maybe_recompile pc=0x000000000554b74c method=org.gradle.api.internal.artifacts.DefaultResolvedArtifact.isResolveSynchronously()Z @ 4
Event: 370.295 Thread 0x000000001dcad800 Uncommon trap: reason=class_check action=maybe_recompile pc=0x00000000050a58c8 method=org.gradle.internal.snapshot.SnapshotHierarchy.getSnapshot(Ljava/lang/String;)Ljava/util/Optional; @ 2
Event: 370.297 Thread 0x000000001dcad800 Uncommon trap: reason=class_check action=maybe_recompile pc=0x00000000050a58c8 method=org.gradle.internal.snapshot.SnapshotHierarchy.getSnapshot(Ljava/lang/String;)Ljava/util/Optional; @ 2
Event: 370.306 Thread 0x000000001dcad800 Uncommon trap: reason=class_check action=maybe_recompile pc=0x00000000050a58d8 method=org.gradle.internal.vfs.impl.DefaultSnapshotHierarchy.getMetadata(Ljava/lang/String;)Ljava/util/Optional; @ 9
Event: 370.307 Thread 0x000000001dcad800 Uncommon trap: reason=class_check action=maybe_recompile pc=0x00000000050a58d8 method=org.gradle.internal.vfs.impl.DefaultSnapshotHierarchy.getMetadata(Ljava/lang/String;)Ljava/util/Optional; @ 9
Event: 370.600 Thread 0x000000001dcad800 Uncommon trap: reason=bimorphic action=maybe_recompile pc=0x000000000564c5e0 method=org.gradle.internal.fingerprint.impl.DefaultFileCollectionSnapshotter$SnapshottingVisitor.visitCollection(Lorg/gradle/api/internal/file/FileCollectionInternal$Source;Ljava
Event: 370.705 Thread 0x000000001dcad800 Uncommon trap: reason=class_check action=maybe_recompile pc=0x0000000004f9f3e0 method=com.google.common.base.Suppliers$NonSerializableMemoizingSupplier.<init>(Lcom/google/common/base/Supplier;)V @ 9
Event: 370.706 Thread 0x000000001dcad800 Uncommon trap: reason=class_check action=maybe_recompile pc=0x0000000004f9f3e0 method=com.google.common.base.Suppliers$NonSerializableMemoizingSupplier.<init>(Lcom/google/common/base/Supplier;)V @ 9
Event: 370.891 Thread 0x000000001dcad800 Uncommon trap: reason=bimorphic action=maybe_recompile pc=0x00000000049a11ec method=com.google.common.collect.Iterators$5.computeNext()Ljava/lang/Object; @ 4
Event: 372.430 Thread 0x000000001dcad800 Uncommon trap: reason=null_check action=make_not_entrant pc=0x000000000502a030 method=org.gradle.api.internal.collections.CollectionFilter.filter(Ljava/lang/Object;)Ljava/lang/Object; @ 5

Internal exceptions (10 events):
Event: 208.385 Thread 0x000000001b30c800 Exception <a 'java/lang/NoSuchMethodError': <clinit>> (0x00000000e7ace6f8) thrown at [C:\re\workspace\8-2-build-windows-amd64-cygwin\jdk8u151\9699\hotspot\src\share\vm\prims\jni.cpp, line 1613]
Event: 208.392 Thread 0x000000001b30c800 Exception <a 'java/lang/NoSuchMethodError': <clinit>> (0x00000000e7addf00) thrown at [C:\re\workspace\8-2-build-windows-amd64-cygwin\jdk8u151\9699\hotspot\src\share\vm\prims\jni.cpp, line 1613]
Event: 208.392 Thread 0x000000001b30c800 Exception <a 'java/lang/NoSuchMethodError': <clinit>> (0x00000000e7ae03b0) thrown at [C:\re\workspace\8-2-build-windows-amd64-cygwin\jdk8u151\9699\hotspot\src\share\vm\prims\jni.cpp, line 1613]
Event: 208.397 Thread 0x000000001b30c800 Exception <a 'java/lang/NoSuchMethodError': <clinit>> (0x00000000e7af0470) thrown at [C:\re\workspace\8-2-build-windows-amd64-cygwin\jdk8u151\9699\hotspot\src\share\vm\prims\jni.cpp, line 1613]
Event: 208.399 Thread 0x000000001b30c800 Exception <a 'java/lang/NoSuchMethodError': <clinit>> (0x00000000e7afb868) thrown at [C:\re\workspace\8-2-build-windows-amd64-cygwin\jdk8u151\9699\hotspot\src\share\vm\prims\jni.cpp, line 1613]
Event: 208.414 Thread 0x000000001b30c800 Exception <a 'java/lang/NoSuchMethodError': <clinit>> (0x00000000e7b17130) thrown at [C:\re\workspace\8-2-build-windows-amd64-cygwin\jdk8u151\9699\hotspot\src\share\vm\prims\jni.cpp, line 1613]
Event: 367.999 Thread 0x000000001dcad800 Implicit null exception at 0x0000000002fef40f to 0x0000000002fef459
Event: 368.005 Thread 0x000000001dcad800 Implicit null exception at 0x0000000005544a28 to 0x0000000005547be1
Event: 368.005 Thread 0x000000001dcad800 Implicit null exception at 0x0000000002f646af to 0x0000000002f65725
Event: 372.430 Thread 0x000000001dcad800 Implicit null exception at 0x0000000005029ee3 to 0x000000000502a01d

Events (10 events):
Event: 372.430 Thread 0x000000001dcad800 DEOPT PACKING pc=0x000000000502a030 sp=0x000000001c6975b0
Event: 372.430 Thread 0x000000001dcad800 DEOPT UNPACKING pc=0x0000000002d5582a sp=0x000000001c697558 mode 2
Event: 373.218 Thread 0x000000001dcad800 DEOPT PACKING pc=0x00000000034f1c62 sp=0x000000001c695d00
Event: 373.218 Thread 0x000000001dcad800 DEOPT UNPACKING pc=0x0000000002d5787f sp=0x000000001c695a68 mode 0
Event: 373.246 Executing VM operation: RevokeBias
Event: 373.249 Executing VM operation: RevokeBias done
Event: 373.251 Executing VM operation: RevokeBias
Event: 373.252 Executing VM operation: RevokeBias done
Event: 373.257 Executing VM operation: RevokeBias
Event: 373.258 Executing VM operation: RevokeBias done


Dynamic libraries:
0x00007ff668600000 - 0x00007ff668637000 	C:\Program Files\Java\jdk1.8.0_151\bin\java.exe
0x00007ffc5afc0000 - 0x00007ffc5b1c7000 	C:\WINDOWS\SYSTEM32\ntdll.dll
0x00007ffc59d40000 - 0x00007ffc59dfd000 	C:\WINDOWS\System32\KERNEL32.DLL
0x00007ffc588a0000 - 0x00007ffc58c14000 	C:\WINDOWS\System32\KERNELBASE.dll
0x00007ffc55aa0000 - 0x00007ffc55b31000 	C:\WINDOWS\SYSTEM32\apphelp.dll
0x00007ffc5a470000 - 0x00007ffc5a51c000 	C:\WINDOWS\System32\ADVAPI32.dll
0x00007ffc5a580000 - 0x00007ffc5a623000 	C:\WINDOWS\System32\msvcrt.dll
0x00007ffc5a200000 - 0x00007ffc5a29d000 	C:\WINDOWS\System32\sechost.dll
0x00007ffc58e80000 - 0x00007ffc58fa1000 	C:\WINDOWS\System32\RPCRT4.dll
0x00007ffc59f60000 - 0x00007ffc5a10c000 	C:\WINDOWS\System32\USER32.dll
0x00007ffc58750000 - 0x00007ffc58776000 	C:\WINDOWS\System32\win32u.dll
0x00007ffc58e50000 - 0x00007ffc58e79000 	C:\WINDOWS\System32\GDI32.dll
0x00007ffc58780000 - 0x00007ffc58892000 	C:\WINDOWS\System32\gdi32full.dll
0x00007ffc58590000 - 0x00007ffc5862d000 	C:\WINDOWS\System32\msvcp_win.dll
0x00007ffc58630000 - 0x00007ffc58741000 	C:\WINDOWS\System32\ucrtbase.dll
0x00007ffc37a30000 - 0x00007ffc37cd5000 	C:\WINDOWS\WinSxS\amd64_microsoft.windows.common-controls_6595b64144ccf1df_6.0.22000.120_none_9d947278b86cc467\COMCTL32.dll
0x00007ffc591d0000 - 0x00007ffc59201000 	C:\WINDOWS\System32\IMM32.DLL
0x0000000052340000 - 0x0000000052412000 	C:\Program Files\Java\jdk1.8.0_151\jre\bin\msvcr100.dll
0x0000000051aa0000 - 0x000000005233d000 	C:\Program Files\Java\jdk1.8.0_151\jre\bin\server\jvm.dll
0x00007ffc5a400000 - 0x00007ffc5a408000 	C:\WINDOWS\System32\PSAPI.DLL
0x00007ffc4a590000 - 0x00007ffc4a59a000 	C:\WINDOWS\SYSTEM32\VERSION.dll
0x00007ffc54360000 - 0x00007ffc54369000 	C:\WINDOWS\SYSTEM32\WSOCK32.dll
0x00007ffc5a390000 - 0x00007ffc5a3ff000 	C:\WINDOWS\System32\WS2_32.dll
0x00007ffc4c8a0000 - 0x00007ffc4c8d3000 	C:\WINDOWS\SYSTEM32\WINMM.dll
0x0000000051a90000 - 0x0000000051a9f000 	C:\Program Files\Java\jdk1.8.0_151\jre\bin\verify.dll
0x0000000051a60000 - 0x0000000051a89000 	C:\Program Files\Java\jdk1.8.0_151\jre\bin\java.dll
0x0000000051a40000 - 0x0000000051a56000 	C:\Program Files\Java\jdk1.8.0_151\jre\bin\zip.dll
0x00007ffc5a650000 - 0x00007ffc5adfa000 	C:\WINDOWS\System32\SHELL32.dll
0x00007ffc56640000 - 0x00007ffc56ea2000 	C:\WINDOWS\SYSTEM32\windows.storage.dll
0x00007ffc593d0000 - 0x00007ffc59748000 	C:\WINDOWS\System32\combase.dll
0x00007ffc564d0000 - 0x00007ffc56636000 	C:\WINDOWS\SYSTEM32\wintypes.dll
0x00007ffc5a110000 - 0x00007ffc5a1fa000 	C:\WINDOWS\System32\SHCORE.dll
0x00007ffc5af20000 - 0x00007ffc5af7d000 	C:\WINDOWS\System32\shlwapi.dll
0x00007ffc583d0000 - 0x00007ffc583f1000 	C:\WINDOWS\SYSTEM32\profapi.dll
0x0000000051a20000 - 0x0000000051a3a000 	C:\Program Files\Java\jdk1.8.0_151\jre\bin\net.dll
0x00007ffc57a40000 - 0x00007ffc57aa7000 	C:\WINDOWS\system32\mswsock.dll
0x0000000051a00000 - 0x0000000051a11000 	C:\Program Files\Java\jdk1.8.0_151\jre\bin\nio.dll
0x00007ffc43890000 - 0x00007ffc438b6000 	C:\Users\mahes\.gradle\native\fdc75f09e3144964f2cf3f50f0aa648679c211496f362492102eb8c894070792\windows-amd64\native-platform.dll
0x00007ffc1e5e0000 - 0x00007ffc1e771000 	C:\Users\mahes\.gradle\native\12488b8bf47d2d4c9fbf2f6322a914ad602e24e48041cd04a747c6da556b65c4\windows-amd64\native-platform-file-events.dll
0x00000000519f0000 - 0x00000000519fd000 	C:\Program Files\Java\jdk1.8.0_151\jre\bin\management.dll
0x00007ffc57c80000 - 0x00007ffc57c98000 	C:\WINDOWS\SYSTEM32\CRYPTSP.dll
0x00007ffc57520000 - 0x00007ffc57555000 	C:\WINDOWS\system32\rsaenh.dll
0x00007ffc57b30000 - 0x00007ffc57b59000 	C:\WINDOWS\SYSTEM32\USERENV.dll
0x00007ffc57e10000 - 0x00007ffc57e37000 	C:\WINDOWS\SYSTEM32\bcrypt.dll
0x00007ffc58510000 - 0x00007ffc58590000 	C:\WINDOWS\System32\bcryptprimitives.dll
0x00007ffc57d80000 - 0x00007ffc57d8c000 	C:\WINDOWS\SYSTEM32\CRYPTBASE.dll
0x00007ffc570f0000 - 0x00007ffc5711d000 	C:\WINDOWS\SYSTEM32\IPHLPAPI.DLL
0x00007ffc59f50000 - 0x00007ffc59f59000 	C:\WINDOWS\System32\NSI.dll
0x00007ffc4d270000 - 0x00007ffc4d289000 	C:\WINDOWS\SYSTEM32\dhcpcsvc6.DLL
0x00007ffc4db00000 - 0x00007ffc4db1e000 	C:\WINDOWS\SYSTEM32\dhcpcsvc.DLL
0x00007ffc57120000 - 0x00007ffc57207000 	C:\WINDOWS\SYSTEM32\DNSAPI.dll
0x00007ffc4f6a0000 - 0x00007ffc4f6ac000 	C:\WINDOWS\SYSTEM32\WINNSI.DLL
0x00000000519c0000 - 0x00000000519e4000 	C:\Program Files\Java\jdk1.8.0_151\jre\bin\sunec.dll
0x00007ffc47bd0000 - 0x00007ffc47bda000 	C:\Windows\System32\rasadhlp.dll
0x00007ffc4af20000 - 0x00007ffc4afa1000 	C:\WINDOWS\System32\fwpuclnt.dll
0x00000000519b0000 - 0x00000000519bb000 	C:\Program Files\Java\jdk1.8.0_151\jre\bin\sunmscapi.dll
0x00007ffc58ce0000 - 0x00007ffc58e42000 	C:\WINDOWS\System32\CRYPT32.dll
0x00007ffc55e00000 - 0x00007ffc55e34000 	C:\WINDOWS\SYSTEM32\ntmarta.dll
0x00007ffc42210000 - 0x00007ffc4222e000 	C:\Users\mahes\AppData\Local\Temp\native-platform4645099159759945809dir\native-platform.dll

VM Arguments:
jvm_args: -Xmx1536M -Dfile.encoding=windows-1252 -Duser.country=IN -Duser.language=en -Duser.variant 
java_command: org.gradle.launcher.daemon.bootstrap.GradleDaemon 6.7
java_class_path (initial): C:\Users\mahes\.gradle\wrapper\dists\gradle-6.7-all\cuy9mc7upwgwgeb72wkcrupxe\gradle-6.7\lib\gradle-launcher-6.7.jar
Launcher Type: SUN_STANDARD

Environment Variables:
CLASSPATH=C:\Users\mahes\OneDrive\Documents\GitHub\git\ideamarch\android\\gradle\wrapper\gradle-wrapper.jar
PATH=C:\ProgramData\Oracle\Java\javapath;C:\WINDOWS\system32;C:\WINDOWS;C:\WINDOWS\System32\Wbem;C:\WINDOWS\System32\WindowsPowerShell\v1.0\;C:\WINDOWS\System32\OpenSSH\;C:\Program Files\Git\cmd;C:\Program Files\Java\jdk1.8.0_151\bin;C:\Program Files\Java\jre1.8.0_151\bin;D:\development\android-sdk\platform-tools;C:\Users\mahes\AppData\Local\Programs\Python\Python39\Scripts\;C:\Users\mahes\AppData\Local\Programs\Python\Python39\;C:\Users\mahes\AppData\Local\Microsoft\WindowsApps;D:\development\flutter\bin;C:\Users\mahes\AppData\Local\Programs\Microsoft VS Code\bin;C:\Users\mahes\AppData\Local\GitHubDesktop\bin;D:\development\flutter\bin\mingit\cmd
USERNAME=mahes
OS=Windows_NT
PROCESSOR_IDENTIFIER=Intel64 Family 6 Model 140 Stepping 1, GenuineIntel



---------------  S Y S T E M  ---------------

OS: Windows 10.0 , 64 bit Build 22000 (10.0.22000.282)

CPU:total 8 (initial active 8) (4 cores per cpu, 2 threads per core) family 6 model 140 stepping 1, cmov, cx8, fxsr, mmx, sse, sse2, sse3, ssse3, sse4.1, sse4.2, popcnt, avx, avx2, aes, clmul, erms, 3dnowpref, lzcnt, ht, tsc, tscinvbit, bmi1, bmi2, adx

Memory: 4k page, physical 3910440k(227364k free), swap 15969064k(664k free)

vm_info: Java HotSpot(TM) 64-Bit Server VM (25.151-b12) for windows-amd64 JRE (1.8.0_151-b12), built on Sep  5 2017 19:33:46 by "java_re" with MS VC++ 10.0 (VS2010)

time: Sat Oct 23 13:39:59 2021
elapsed time: 373 seconds (0d 0h 6m 13s)

